2010.05.30 12:42 B C:\varkon\app\Deutsch\mbs\adjekt1.mbs --> www.ViewsOnCad.ch /varkon_app_windows/home_laptop/app/Deutsch/mbs adjekt1.mbs
2010.05.30 12:42 B C:\varkon\app\Deutsch\mbs\Adjektiv.mbs --> www.ViewsOnCad.ch /varkon_app_windows/home_laptop/app/Deutsch/mbs Adjektiv.mbs
2010.05.30 12:42 B C:\varkon\app\Deutsch\mbs\Adverb.mbs --> www.ViewsOnCad.ch /varkon_app_windows/home_laptop/app/Deutsch/mbs Adverb.mbs
2010.05.30 12:42 B C:\varkon\app\Deutsch\mbs\adverb1.mbs --> www.ViewsOnCad.ch /varkon_app_windows/home_laptop/app/Deutsch/mbs adverb1.mbs
2010.05.30 12:42 B C:\varkon\app\Deutsch\mbs\alladj1.mbs --> www.ViewsOnCad.ch /varkon_app_windows/home_laptop/app/Deutsch/mbs alladj1.mbs
2010.05.30 12:42 B C:\varkon\app\Deutsch\mbs\alladv1.mbs --> www.ViewsOnCad.ch /varkon_app_windows/home_laptop/app/Deutsch/mbs alladv1.mbs
2010.05.30 12:42 B C:\varkon\app\Deutsch\mbs\allpra1.mbs --> www.ViewsOnCad.ch /varkon_app_windows/home_laptop/app/Deutsch/mbs allpra1.mbs
2010.05.30 12:42 B C:\varkon\app\Deutsch\mbs\allsubs1.mbs --> www.ViewsOnCad.ch /varkon_app_windows/home_laptop/app/Deutsch/mbs allsubs1.mbs
2010.05.30 12:42 B C:\varkon\app\Deutsch\mbs\allverb1.mbs --> www.ViewsOnCad.ch /varkon_app_windows/home_laptop/app/Deutsch/mbs allverb1.mbs
2010.05.30 12:42 B C:\varkon\app\Deutsch\mbs\Check1.mbs --> www.ViewsOnCad.ch /varkon_app_windows/home_laptop/app/Deutsch/mbs Check1.mbs
2010.05.30 12:42 B C:\varkon\app\Deutsch\mbs\Chewort.mbs --> www.ViewsOnCad.ch /varkon_app_windows/home_laptop/app/Deutsch/mbs Chewort.mbs
2010.05.30 12:42 B C:\varkon\app\Deutsch\mbs\Deutsch.txt --> www.ViewsOnCad.ch /varkon_app_windows/home_laptop/app/Deutsch/mbs Deutsch.txt
2010.05.30 12:42 B C:\varkon\app\Deutsch\mbs\genus1.mbs --> www.ViewsOnCad.ch /varkon_app_windows/home_laptop/app/Deutsch/mbs genus1.mbs
2010.05.30 12:42 B C:\varkon\app\Deutsch\mbs\genuslist.mbs --> www.ViewsOnCad.ch /varkon_app_windows/home_laptop/app/Deutsch/mbs genuslist.mbs
2010.05.30 12:42 B C:\varkon\app\Deutsch\mbs\Getworter.mbs --> www.ViewsOnCad.ch /varkon_app_windows/home_laptop/app/Deutsch/mbs Getworter.mbs
2010.05.30 12:42 B C:\varkon\app\Deutsch\mbs\keinfehl.mbs --> www.ViewsOnCad.ch /varkon_app_windows/home_laptop/app/Deutsch/mbs keinfehl.mbs
2010.05.30 12:42 B C:\varkon\app\Deutsch\mbs\ma_adjek.mbs --> www.ViewsOnCad.ch /varkon_app_windows/home_laptop/app/Deutsch/mbs ma_adjek.mbs
2010.05.30 12:42 B C:\varkon\app\Deutsch\mbs\ma_adverb.mbs --> www.ViewsOnCad.ch /varkon_app_windows/home_laptop/app/Deutsch/mbs ma_adverb.mbs
2010.05.30 12:42 B C:\varkon\app\Deutsch\mbs\ma_genus.mbs --> www.ViewsOnCad.ch /varkon_app_windows/home_laptop/app/Deutsch/mbs ma_genus.mbs
2010.05.30 12:42 B C:\varkon\app\Deutsch\mbs\ma_verb.mbs --> www.ViewsOnCad.ch /varkon_app_windows/home_laptop/app/Deutsch/mbs ma_verb.mbs
2010.05.30 12:42 B C:\varkon\app\Deutsch\mbs\Praposit.mbs --> www.ViewsOnCad.ch /varkon_app_windows/home_laptop/app/Deutsch/mbs Praposit.mbs
2010.05.30 12:42 B C:\varkon\app\Deutsch\mbs\Pronomen.mbs --> www.ViewsOnCad.ch /varkon_app_windows/home_laptop/app/Deutsch/mbs Pronomen.mbs
2010.05.30 12:42 B C:\varkon\app\Deutsch\mbs\RANDOM_0.MBS --> www.ViewsOnCad.ch /varkon_app_windows/home_laptop/app/Deutsch/mbs RANDOM_0.MBS
2010.05.30 12:42 B C:\varkon\app\Deutsch\mbs\star.MBS --> www.ViewsOnCad.ch /varkon_app_windows/home_laptop/app/Deutsch/mbs star.MBS
2010.05.30 12:42 B C:\varkon\app\Deutsch\mbs\stars.MBS --> www.ViewsOnCad.ch /varkon_app_windows/home_laptop/app/Deutsch/mbs stars.MBS
2010.05.30 12:42 B C:\varkon\app\Deutsch\mbs\Substantiv.mbs --> www.ViewsOnCad.ch /varkon_app_windows/home_laptop/app/Deutsch/mbs Substantiv.mbs
2010.05.30 12:42 B C:\varkon\app\Deutsch\mbs\TRACENV0.MBS --> www.ViewsOnCad.ch /varkon_app_windows/home_laptop/app/Deutsch/mbs TRACENV0.MBS
2010.05.30 12:42 B C:\varkon\app\Deutsch\mbs\TRACERV0.MBS --> www.ViewsOnCad.ch /varkon_app_windows/home_laptop/app/Deutsch/mbs TRACERV0.MBS
2010.05.30 12:42 B C:\varkon\app\Deutsch\mbs\TRACEV0.MBS --> www.ViewsOnCad.ch /varkon_app_windows/home_laptop/app/Deutsch/mbs TRACEV0.MBS
2010.05.30 12:42 B C:\varkon\app\Deutsch\mbs\Verb.mbs --> www.ViewsOnCad.ch /varkon_app_windows/home_laptop/app/Deutsch/mbs Verb.mbs
2010.05.30 12:42 B C:\varkon\app\Deutsch\mbs\verb1.mbs --> www.ViewsOnCad.ch /varkon_app_windows/home_laptop/app/Deutsch/mbs verb1.mbs
2010.05.30 12:42 B C:\varkon\app\Deutsch\mbs\vergleich.mbs --> www.ViewsOnCad.ch /varkon_app_windows/home_laptop/app/Deutsch/mbs vergleich.mbs
2010.05.30 12:42 B C:\varkon\app\Deutsch\mbs\worterbuch.20001122 --> www.ViewsOnCad.ch /varkon_app_windows/home_laptop/app/Deutsch/mbs worterbuch.20001122
2010.05.30 12:42 B C:\varkon\app\Deutsch\mbs\writembs.mbs --> www.ViewsOnCad.ch /varkon_app_windows/home_laptop/app/Deutsch/mbs writembs.mbs
