2010.05.30 13:06 B C:\varkon\app\lms\DOC\Csysfilev0.doc --> www.ViewsOnCad.ch /varkon_app_windows/home_laptop/app/lms/DOC Csysfilev0.doc
2010.05.30 13:06 B C:\varkon\app\lms\DOC\Csysnestv0.doc --> www.ViewsOnCad.ch /varkon_app_windows/home_laptop/app/lms/DOC Csysnestv0.doc
2010.05.30 13:06 B C:\varkon\app\lms\DOC\Csyspathv0.doc --> www.ViewsOnCad.ch /varkon_app_windows/home_laptop/app/lms/DOC Csyspathv0.doc
2010.05.30 13:06 B C:\varkon\app\lms\DOC\Csysreadv0.doc --> www.ViewsOnCad.ch /varkon_app_windows/home_laptop/app/lms/DOC Csysreadv0.doc
2010.05.30 13:06 B C:\varkon\app\lms\DOC\Eval_utouv.doc --> www.ViewsOnCad.ch /varkon_app_windows/home_laptop/app/lms/DOC Eval_utouv.doc
2010.05.30 13:06 B C:\varkon\app\lms\DOC\Figcsysvv0.doc --> www.ViewsOnCad.ch /varkon_app_windows/home_laptop/app/lms/DOC Figcsysvv0.doc
2010.05.30 13:06 B C:\varkon\app\lms\DOC\Figgetvyv2.doc --> www.ViewsOnCad.ch /varkon_app_windows/home_laptop/app/lms/DOC Figgetvyv2.doc
2010.05.30 13:06 B C:\varkon\app\lms\DOC\FIGVYV2.DOC --> www.ViewsOnCad.ch /varkon_app_windows/home_laptop/app/lms/DOC FIGVYV2.DOC
2010.05.30 13:06 B C:\varkon\app\lms\DOC\FIGYTAV0.DOC --> www.ViewsOnCad.ch /varkon_app_windows/home_laptop/app/lms/DOC FIGYTAV0.DOC
2010.05.30 13:06 B C:\varkon\app\lms\DOC\Meacompv1.doc --> www.ViewsOnCad.ch /varkon_app_windows/home_laptop/app/lms/DOC Meacompv1.doc
2010.05.30 13:06 B C:\varkon\app\lms\DOC\Meacordv0.doc --> www.ViewsOnCad.ch /varkon_app_windows/home_laptop/app/lms/DOC Meacordv0.doc
2010.05.30 13:06 B C:\varkon\app\lms\DOC\Meadia3v2.doc --> www.ViewsOnCad.ch /varkon_app_windows/home_laptop/app/lms/DOC Meadia3v2.doc
2010.05.30 13:06 B C:\varkon\app\lms\DOC\Meadia4v2.doc --> www.ViewsOnCad.ch /varkon_app_windows/home_laptop/app/lms/DOC Meadia4v2.doc
2010.05.30 13:06 B C:\varkon\app\lms\DOC\Meadia5v3.doc --> www.ViewsOnCad.ch /varkon_app_windows/home_laptop/app/lms/DOC Meadia5v3.doc
2010.05.30 13:06 B C:\varkon\app\lms\DOC\Meadia6v2.doc --> www.ViewsOnCad.ch /varkon_app_windows/home_laptop/app/lms/DOC Meadia6v2.doc
2010.05.30 13:06 B C:\varkon\app\lms\DOC\Meadia7v2.doc --> www.ViewsOnCad.ch /varkon_app_windows/home_laptop/app/lms/DOC Meadia7v2.doc
2010.05.30 13:06 B C:\varkon\app\lms\DOC\Meadiagtv0.doc --> www.ViewsOnCad.ch /varkon_app_windows/home_laptop/app/lms/DOC Meadiagtv0.doc
2010.05.30 13:06 B C:\varkon\app\lms\DOC\Meadiargv0.doc --> www.ViewsOnCad.ch /varkon_app_windows/home_laptop/app/lms/DOC Meadiargv0.doc
2010.05.30 13:06 B C:\varkon\app\lms\DOC\Meafilev0.doc --> www.ViewsOnCad.ch /varkon_app_windows/home_laptop/app/lms/DOC Meafilev0.doc
2010.05.30 13:06 B C:\varkon\app\lms\DOC\Meafregv0.doc --> www.ViewsOnCad.ch /varkon_app_windows/home_laptop/app/lms/DOC Meafregv0.doc
2010.05.30 13:06 B C:\varkon\app\lms\DOC\Meagetpv0.doc --> www.ViewsOnCad.ch /varkon_app_windows/home_laptop/app/lms/DOC Meagetpv0.doc
2010.05.30 13:06 B C:\varkon\app\lms\DOC\Meagraphv0.doc --> www.ViewsOnCad.ch /varkon_app_windows/home_laptop/app/lms/DOC Meagraphv0.doc
2010.05.30 13:06 B C:\varkon\app\lms\DOC\Meamedelv0.doc --> www.ViewsOnCad.ch /varkon_app_windows/home_laptop/app/lms/DOC Meamedelv0.doc
2010.05.30 13:06 B C:\varkon\app\lms\DOC\Meametrav0.doc --> www.ViewsOnCad.ch /varkon_app_windows/home_laptop/app/lms/DOC Meametrav0.doc
2010.05.30 13:06 B C:\varkon\app\lms\DOC\Meametrbv0.doc --> www.ViewsOnCad.ch /varkon_app_windows/home_laptop/app/lms/DOC Meametrbv0.doc
2010.05.30 13:06 B C:\varkon\app\lms\DOC\Meametrcv0.doc --> www.ViewsOnCad.ch /varkon_app_windows/home_laptop/app/lms/DOC Meametrcv0.doc
2010.05.30 13:06 B C:\varkon\app\lms\DOC\Meametrdv0.doc --> www.ViewsOnCad.ch /varkon_app_windows/home_laptop/app/lms/DOC Meametrdv0.doc
2010.05.30 13:06 B C:\varkon\app\lms\DOC\Meametrov3.doc --> www.ViewsOnCad.ch /varkon_app_windows/home_laptop/app/lms/DOC Meametrov3.doc
2010.05.30 13:06 B C:\varkon\app\lms\DOC\Meapanal1.doc --> www.ViewsOnCad.ch /varkon_app_windows/home_laptop/app/lms/DOC Meapanal1.doc
2010.05.30 13:06 B C:\varkon\app\lms\DOC\Meapoirec.doc --> www.ViewsOnCad.ch /varkon_app_windows/home_laptop/app/lms/DOC Meapoirec.doc
2010.05.30 13:06 B C:\varkon\app\lms\DOC\Meapsim1v1.doc --> www.ViewsOnCad.ch /varkon_app_windows/home_laptop/app/lms/DOC Meapsim1v1.doc
2010.05.30 13:06 B C:\varkon\app\lms\DOC\Meapsim2v1.doc --> www.ViewsOnCad.ch /varkon_app_windows/home_laptop/app/lms/DOC Meapsim2v1.doc
2010.05.30 13:06 B C:\varkon\app\lms\DOC\Meapsimv1.doc --> www.ViewsOnCad.ch /varkon_app_windows/home_laptop/app/lms/DOC Meapsimv1.doc
2010.05.30 13:06 B C:\varkon\app\lms\DOC\Mearami3v0.doc --> www.ViewsOnCad.ch /varkon_app_windows/home_laptop/app/lms/DOC Mearami3v0.doc
2010.05.30 13:06 B C:\varkon\app\lms\DOC\Measort1v0.doc --> www.ViewsOnCad.ch /varkon_app_windows/home_laptop/app/lms/DOC Measort1v0.doc
2010.05.30 13:06 B C:\varkon\app\lms\DOC\Measortv3.doc --> www.ViewsOnCad.ch /varkon_app_windows/home_laptop/app/lms/DOC Measortv3.doc
2010.05.30 13:06 B C:\varkon\app\lms\DOC\Meathickv1.doc --> www.ViewsOnCad.ch /varkon_app_windows/home_laptop/app/lms/DOC Meathickv1.doc
2010.05.30 13:06 B C:\varkon\app\lms\DOC\Meatxti3v0.doc --> www.ViewsOnCad.ch /varkon_app_windows/home_laptop/app/lms/DOC Meatxti3v0.doc
2010.05.30 13:06 B C:\varkon\app\lms\DOC\Meavregv0.doc --> www.ViewsOnCad.ch /varkon_app_windows/home_laptop/app/lms/DOC Meavregv0.doc
2010.05.30 13:06 B C:\varkon\app\lms\DOC\Meawinggv0.doc --> www.ViewsOnCad.ch /varkon_app_windows/home_laptop/app/lms/DOC Meawinggv0.doc
2010.05.30 13:06 B C:\varkon\app\lms\DOC\Meawingpv0.doc --> www.ViewsOnCad.ch /varkon_app_windows/home_laptop/app/lms/DOC Meawingpv0.doc
2010.05.30 13:06 B C:\varkon\app\lms\DOC\Meawplrec.doc --> www.ViewsOnCad.ch /varkon_app_windows/home_laptop/app/lms/DOC Meawplrec.doc
2010.05.30 13:06 B C:\varkon\app\lms\DOC\Meawprov0.doc --> www.ViewsOnCad.ch /varkon_app_windows/home_laptop/app/lms/DOC Meawprov0.doc
2010.05.30 13:06 B C:\varkon\app\lms\DOC\Minmaxreg.doc --> www.ViewsOnCad.ch /varkon_app_windows/home_laptop/app/lms/DOC Minmaxreg.doc
2010.05.30 13:06 B C:\varkon\app\lms\DOC\MODTSIZE.DOC --> www.ViewsOnCad.ch /varkon_app_windows/home_laptop/app/lms/DOC MODTSIZE.DOC
2010.05.30 13:06 B C:\varkon\app\lms\DOC\PIL.DOC --> www.ViewsOnCad.ch /varkon_app_windows/home_laptop/app/lms/DOC PIL.DOC
2010.05.30 13:06 B C:\varkon\app\lms\DOC\Rdrefsurv0.doc --> www.ViewsOnCad.ch /varkon_app_windows/home_laptop/app/lms/DOC Rdrefsurv0.doc
2010.05.30 13:06 B C:\varkon\app\lms\DOC\Rdsurscav0.doc --> www.ViewsOnCad.ch /varkon_app_windows/home_laptop/app/lms/DOC Rdsurscav0.doc
2010.05.30 13:06 B C:\varkon\app\lms\DOC\Regsurfv0.doc --> www.ViewsOnCad.ch /varkon_app_windows/home_laptop/app/lms/DOC Regsurfv0.doc
2010.05.30 13:06 B C:\varkon\app\lms\DOC\S_adeforv0.doc --> www.ViewsOnCad.ch /varkon_app_windows/home_laptop/app/lms/DOC S_adeforv0.doc
2010.05.30 13:06 B C:\varkon\app\lms\DOC\S_anestv0.doc --> www.ViewsOnCad.ch /varkon_app_windows/home_laptop/app/lms/DOC S_anestv0.doc
2010.05.30 13:06 B C:\varkon\app\lms\DOC\S_bdeforv0.doc --> www.ViewsOnCad.ch /varkon_app_windows/home_laptop/app/lms/DOC S_bdeforv0.doc
2010.05.30 13:06 B C:\varkon\app\lms\DOC\S_minmaxv0.doc --> www.ViewsOnCad.ch /varkon_app_windows/home_laptop/app/lms/DOC S_minmaxv0.doc
2010.05.30 13:06 B C:\varkon\app\lms\DOC\Surffilev0.doc --> www.ViewsOnCad.ch /varkon_app_windows/home_laptop/app/lms/DOC Surffilev0.doc
2010.05.30 13:06 B C:\varkon\app\lms\DOC\Surfpathv0.doc --> www.ViewsOnCad.ch /varkon_app_windows/home_laptop/app/lms/DOC Surfpathv0.doc
2010.05.30 13:06 B C:\varkon\app\lms\DOC\SURNUNV.DOC --> www.ViewsOnCad.ch /varkon_app_windows/home_laptop/app/lms/DOC SURNUNV.DOC
2010.05.30 13:06 B C:\varkon\app\lms\DOC\Tra_2dav0.doc --> www.ViewsOnCad.ch /varkon_app_windows/home_laptop/app/lms/DOC Tra_2dav0.doc
2010.05.30 13:06 B C:\varkon\app\lms\DOC\Tv_locase.doc --> www.ViewsOnCad.ch /varkon_app_windows/home_laptop/app/lms/DOC Tv_locase.doc
2010.05.30 13:06 B C:\varkon\app\lms\DOC\Tv_upcase.doc --> www.ViewsOnCad.ch /varkon_app_windows/home_laptop/app/lms/DOC Tv_upcase.doc
