2010.05.30 13:13 B C:\varkon\app\optim_bike\NotYetMoved\m3_optim.MBS --> www.ViewsOnCad.ch /varkon_app_windows/home_laptop/app/optim_bike/NotYetMoved m3_optim.MBS
2010.05.30 13:13 B C:\varkon\app\optim_bike\NotYetMoved\opt_1shoot.MBS --> www.ViewsOnCad.ch /varkon_app_windows/home_laptop/app/optim_bike/NotYetMoved opt_1shoot.MBS
2010.05.30 13:13 B C:\varkon\app\optim_bike\NotYetMoved\opt_2shoot.MBS --> www.ViewsOnCad.ch /varkon_app_windows/home_laptop/app/optim_bike/NotYetMoved opt_2shoot.MBS
2010.05.30 13:13 B C:\varkon\app\optim_bike\NotYetMoved\opt_3shoot.MBS --> www.ViewsOnCad.ch /varkon_app_windows/home_laptop/app/optim_bike/NotYetMoved opt_3shoot.MBS
2010.05.30 13:13 B C:\varkon\app\optim_bike\NotYetMoved\opt_anacur.MBS --> www.ViewsOnCad.ch /varkon_app_windows/home_laptop/app/optim_bike/NotYetMoved opt_anacur.MBS
2010.05.30 13:13 B C:\varkon\app\optim_bike\NotYetMoved\opt_anbott.MBS --> www.ViewsOnCad.ch /varkon_app_windows/home_laptop/app/optim_bike/NotYetMoved opt_anbott.MBS
2010.05.30 13:13 B C:\varkon\app\optim_bike\NotYetMoved\opt_ansurf.MBS --> www.ViewsOnCad.ch /varkon_app_windows/home_laptop/app/optim_bike/NotYetMoved opt_ansurf.MBS
2010.05.30 13:13 B C:\varkon\app\optim_bike\NotYetMoved\opt_bottle.MBS --> www.ViewsOnCad.ch /varkon_app_windows/home_laptop/app/optim_bike/NotYetMoved opt_bottle.MBS
2010.05.30 13:13 B C:\varkon\app\optim_bike\NotYetMoved\opt_cavity.MBS --> www.ViewsOnCad.ch /varkon_app_windows/home_laptop/app/optim_bike/NotYetMoved opt_cavity.MBS
2010.05.30 13:13 B C:\varkon\app\optim_bike\NotYetMoved\opt_crecur.MBS --> www.ViewsOnCad.ch /varkon_app_windows/home_laptop/app/optim_bike/NotYetMoved opt_crecur.MBS
2010.05.30 13:13 B C:\varkon\app\optim_bike\NotYetMoved\opt_duct.MBS --> www.ViewsOnCad.ch /varkon_app_windows/home_laptop/app/optim_bike/NotYetMoved opt_duct.MBS
2010.05.30 13:13 B C:\varkon\app\optim_bike\NotYetMoved\opt_gtbott.MBS --> www.ViewsOnCad.ch /varkon_app_windows/home_laptop/app/optim_bike/NotYetMoved opt_gtbott.MBS
2010.05.30 13:13 B C:\varkon\app\optim_bike\NotYetMoved\OPT_GTU2V1.BAK --> www.ViewsOnCad.ch /varkon_app_windows/home_laptop/app/optim_bike/NotYetMoved OPT_GTU2V1.BAK
2010.05.30 13:13 B C:\varkon\app\optim_bike\NotYetMoved\OPT_PATHV0.BAK --> www.ViewsOnCad.ch /varkon_app_windows/home_laptop/app/optim_bike/NotYetMoved OPT_PATHV0.BAK
2010.05.30 13:13 B C:\varkon\app\optim_bike\NotYetMoved\OPT_PATHV0.KOLLA_FEL --> www.ViewsOnCad.ch /varkon_app_windows/home_laptop/app/optim_bike/NotYetMoved OPT_PATHV0.KOLLA_FEL
2010.05.30 13:13 B C:\varkon\app\optim_bike\NotYetMoved\opt_pipe.MBS --> www.ViewsOnCad.ch /varkon_app_windows/home_laptop/app/optim_bike/NotYetMoved opt_pipe.MBS
2010.05.30 13:13 B C:\varkon\app\optim_bike\NotYetMoved\opt_shoot.MBS --> www.ViewsOnCad.ch /varkon_app_windows/home_laptop/app/optim_bike/NotYetMoved opt_shoot.MBS
2010.05.30 13:13 B C:\varkon\app\optim_bike\NotYetMoved\opt_surf.MBS --> www.ViewsOnCad.ch /varkon_app_windows/home_laptop/app/optim_bike/NotYetMoved opt_surf.MBS
2010.05.30 13:13 B C:\varkon\app\optim_bike\NotYetMoved\optim.tar1.gz --> www.ViewsOnCad.ch /varkon_app_windows/home_laptop/app/optim_bike/NotYetMoved optim.tar1.gz
2010.05.30 13:13 B C:\varkon\app\optim_bike\NotYetMoved\SLASK.txt --> www.ViewsOnCad.ch /varkon_app_windows/home_laptop/app/optim_bike/NotYetMoved SLASK.txt
