2010.05.30 12:28 B C:\varkon\app\surf\mbs\SU_AFACE.MBS --> www.ViewsOnCad.ch /varkon_app_windows/home_laptop/app/surf/mbs SU_AFACE.MBS
2010.05.30 12:28 B C:\varkon\app\surf\mbs\SU_ANA01.MBS --> www.ViewsOnCad.ch /varkon_app_windows/home_laptop/app/surf/mbs SU_ANA01.MBS
2010.05.30 12:28 B C:\varkon\app\surf\mbs\SU_ANA02.MBS --> www.ViewsOnCad.ch /varkon_app_windows/home_laptop/app/surf/mbs SU_ANA02.MBS
2010.05.30 12:28 B C:\varkon\app\surf\mbs\SU_ARROW.MBS --> www.ViewsOnCad.ch /varkon_app_windows/home_laptop/app/surf/mbs SU_ARROW.MBS
2010.05.30 12:28 B C:\varkon\app\surf\mbs\SU_BDY1.MBS --> www.ViewsOnCad.ch /varkon_app_windows/home_laptop/app/surf/mbs SU_BDY1.MBS
2010.05.30 12:28 B C:\varkon\app\surf\mbs\SU_CAPPR.MBS --> www.ViewsOnCad.ch /varkon_app_windows/home_laptop/app/surf/mbs SU_CAPPR.MBS
2010.05.30 12:28 B C:\varkon\app\surf\mbs\SU_COMP.MBS --> www.ViewsOnCad.ch /varkon_app_windows/home_laptop/app/surf/mbs SU_COMP.MBS
2010.05.30 12:28 B C:\varkon\app\surf\mbs\SU_CTRIM.MBS --> www.ViewsOnCad.ch /varkon_app_windows/home_laptop/app/surf/mbs SU_CTRIM.MBS
2010.05.30 12:28 B C:\varkon\app\surf\mbs\SU_CUBIC.MBS --> www.ViewsOnCad.ch /varkon_app_windows/home_laptop/app/surf/mbs SU_CUBIC.MBS
2010.05.30 12:28 B C:\varkon\app\surf\mbs\SU_CURGR.MBS --> www.ViewsOnCad.ch /varkon_app_windows/home_laptop/app/surf/mbs SU_CURGR.MBS
2010.05.30 12:28 B C:\varkon\app\surf\mbs\SU_EVAL.MBS --> www.ViewsOnCad.ch /varkon_app_windows/home_laptop/app/surf/mbs SU_EVAL.MBS
2010.05.30 12:28 B C:\varkon\app\surf\mbs\SU_EXDEF.MBS --> www.ViewsOnCad.ch /varkon_app_windows/home_laptop/app/surf/mbs SU_EXDEF.MBS
2010.05.30 12:28 B C:\varkon\app\surf\mbs\SU_EXNMG.MBS --> www.ViewsOnCad.ch /varkon_app_windows/home_laptop/app/surf/mbs SU_EXNMG.MBS
2010.05.30 12:28 B C:\varkon\app\surf\mbs\SU_INTER.MBS --> www.ViewsOnCad.ch /varkon_app_windows/home_laptop/app/surf/mbs SU_INTER.MBS
2010.05.30 12:28 B C:\varkon\app\surf\mbs\SU_INTPL.MBS --> www.ViewsOnCad.ch /varkon_app_windows/home_laptop/app/surf/mbs SU_INTPL.MBS
2010.05.30 12:28 B C:\varkon\app\surf\mbs\SU_INVON.MBS --> www.ViewsOnCad.ch /varkon_app_windows/home_laptop/app/surf/mbs SU_INVON.MBS
2010.05.30 12:28 B C:\varkon\app\surf\mbs\SU_ISOP.MBS --> www.ViewsOnCad.ch /varkon_app_windows/home_laptop/app/surf/mbs SU_ISOP.MBS
2010.05.30 12:28 B C:\varkon\app\surf\mbs\SU_KINK.MBS --> www.ViewsOnCad.ch /varkon_app_windows/home_laptop/app/surf/mbs SU_KINK.MBS
2010.05.30 12:28 B C:\varkon\app\surf\mbs\SU_LOFT.MBS --> www.ViewsOnCad.ch /varkon_app_windows/home_laptop/app/surf/mbs SU_LOFT.MBS
2010.05.30 12:28 B C:\varkon\app\surf\mbs\SU_PISOP.MBS --> www.ViewsOnCad.ch /varkon_app_windows/home_laptop/app/surf/mbs SU_PISOP.MBS
2010.05.30 12:28 B C:\varkon\app\surf\mbs\SU_PLA1.MBS --> www.ViewsOnCad.ch /varkon_app_windows/home_laptop/app/surf/mbs SU_PLA1.MBS
2010.05.30 12:28 B C:\varkon\app\surf\mbs\SU_PLA2.MBS --> www.ViewsOnCad.ch /varkon_app_windows/home_laptop/app/surf/mbs SU_PLA2.MBS
2010.05.30 12:28 B C:\varkon\app\surf\mbs\SU_PLA3.MBS --> www.ViewsOnCad.ch /varkon_app_windows/home_laptop/app/surf/mbs SU_PLA3.MBS
2010.05.30 12:28 B C:\varkon\app\surf\mbs\SU_PLA3M.MBS --> www.ViewsOnCad.ch /varkon_app_windows/home_laptop/app/surf/mbs SU_PLA3M.MBS
2010.05.30 12:28 B C:\varkon\app\surf\mbs\SU_ROT.MBS --> www.ViewsOnCad.ch /varkon_app_windows/home_laptop/app/surf/mbs SU_ROT.MBS
2010.05.30 12:28 B C:\varkon\app\surf\mbs\SU_ROT_M.MBS --> www.ViewsOnCad.ch /varkon_app_windows/home_laptop/app/surf/mbs SU_ROT_M.MBS
2010.05.30 12:28 B C:\varkon\app\surf\mbs\SU_ROTPL.MBS --> www.ViewsOnCad.ch /varkon_app_windows/home_laptop/app/surf/mbs SU_ROTPL.MBS
2010.05.30 12:28 B C:\varkon\app\surf\mbs\SU_RULED.MBS --> www.ViewsOnCad.ch /varkon_app_windows/home_laptop/app/surf/mbs SU_RULED.MBS
2010.05.30 12:28 B C:\varkon\app\surf\mbs\SU_SAPPR.MBS --> www.ViewsOnCad.ch /varkon_app_windows/home_laptop/app/surf/mbs SU_SAPPR.MBS
2010.05.30 12:28 B C:\varkon\app\surf\mbs\SU_SILH.MBS --> www.ViewsOnCad.ch /varkon_app_windows/home_laptop/app/surf/mbs SU_SILH.MBS
2010.05.30 12:28 B C:\varkon\app\surf\mbs\SU_SOFFS.MBS --> www.ViewsOnCad.ch /varkon_app_windows/home_laptop/app/surf/mbs SU_SOFFS.MBS
2010.05.30 12:28 B C:\varkon\app\surf\mbs\SU_STAR.MBS --> www.ViewsOnCad.ch /varkon_app_windows/home_laptop/app/surf/mbs SU_STAR.MBS
2010.05.30 12:28 B C:\varkon\app\surf\mbs\SU_STRIM.MBS --> www.ViewsOnCad.ch /varkon_app_windows/home_laptop/app/surf/mbs SU_STRIM.MBS
2010.05.30 12:28 B C:\varkon\app\surf\mbs\SU_TCOPY.MBS --> www.ViewsOnCad.ch /varkon_app_windows/home_laptop/app/surf/mbs SU_TCOPY.MBS
2010.05.30 12:28 B C:\varkon\app\surf\mbs\SU_TMIRR.MBS --> www.ViewsOnCad.ch /varkon_app_windows/home_laptop/app/surf/mbs SU_TMIRR.MBS
2010.05.30 12:28 B C:\varkon\app\surf\mbs\SU_TMOVE.MBS --> www.ViewsOnCad.ch /varkon_app_windows/home_laptop/app/surf/mbs SU_TMOVE.MBS
2010.05.30 12:28 B C:\varkon\app\surf\mbs\SU_TROTL.MBS --> www.ViewsOnCad.ch /varkon_app_windows/home_laptop/app/surf/mbs SU_TROTL.MBS
2010.05.30 12:28 B C:\varkon\app\surf\mbs\SU_UISOP.MBS --> www.ViewsOnCad.ch /varkon_app_windows/home_laptop/app/surf/mbs SU_UISOP.MBS
2010.05.30 12:28 B C:\varkon\app\surf\mbs\SU_UVISO.MBS --> www.ViewsOnCad.ch /varkon_app_windows/home_laptop/app/surf/mbs SU_UVISO.MBS
2010.05.30 12:28 B C:\varkon\app\surf\mbs\SU_VISOP.MBS --> www.ViewsOnCad.ch /varkon_app_windows/home_laptop/app/surf/mbs SU_VISOP.MBS
2010.05.30 12:28 B C:\varkon\app\surf\mbs\surf.zip --> www.ViewsOnCad.ch /varkon_app_windows/home_laptop/app/surf/mbs surf.zip
