2010.05.30 13:00 B C:\varkon\app\impressions\mbs\all_current.mbs --> www.ViewsOnCad.ch /varkon_app_windows/home_laptop/app/impressions/mbs all_current.mbs
2010.05.30 13:00 B C:\varkon\app\impressions\mbs\all_start.mbs --> www.ViewsOnCad.ch /varkon_app_windows/home_laptop/app/impressions/mbs all_start.mbs
2010.05.30 13:00 B C:\varkon\app\impressions\mbs\current_1.mbs --> www.ViewsOnCad.ch /varkon_app_windows/home_laptop/app/impressions/mbs current_1.mbs
2010.05.30 13:00 B C:\varkon\app\impressions\mbs\current_10.mbs --> www.ViewsOnCad.ch /varkon_app_windows/home_laptop/app/impressions/mbs current_10.mbs
2010.05.30 13:00 B C:\varkon\app\impressions\mbs\current_11.mbs --> www.ViewsOnCad.ch /varkon_app_windows/home_laptop/app/impressions/mbs current_11.mbs
2010.05.30 13:00 B C:\varkon\app\impressions\mbs\current_12.mbs --> www.ViewsOnCad.ch /varkon_app_windows/home_laptop/app/impressions/mbs current_12.mbs
2010.05.30 13:00 B C:\varkon\app\impressions\mbs\current_13.mbs --> www.ViewsOnCad.ch /varkon_app_windows/home_laptop/app/impressions/mbs current_13.mbs
2010.05.30 13:00 B C:\varkon\app\impressions\mbs\current_14.mbs --> www.ViewsOnCad.ch /varkon_app_windows/home_laptop/app/impressions/mbs current_14.mbs
2010.05.30 13:00 B C:\varkon\app\impressions\mbs\current_15.mbs --> www.ViewsOnCad.ch /varkon_app_windows/home_laptop/app/impressions/mbs current_15.mbs
2010.05.30 13:00 B C:\varkon\app\impressions\mbs\current_16.mbs --> www.ViewsOnCad.ch /varkon_app_windows/home_laptop/app/impressions/mbs current_16.mbs
2010.05.30 13:00 B C:\varkon\app\impressions\mbs\current_17.mbs --> www.ViewsOnCad.ch /varkon_app_windows/home_laptop/app/impressions/mbs current_17.mbs
2010.05.30 13:00 B C:\varkon\app\impressions\mbs\current_18.mbs --> www.ViewsOnCad.ch /varkon_app_windows/home_laptop/app/impressions/mbs current_18.mbs
2010.05.30 13:00 B C:\varkon\app\impressions\mbs\current_19.mbs --> www.ViewsOnCad.ch /varkon_app_windows/home_laptop/app/impressions/mbs current_19.mbs
2010.05.30 13:00 B C:\varkon\app\impressions\mbs\current_2.mbs --> www.ViewsOnCad.ch /varkon_app_windows/home_laptop/app/impressions/mbs current_2.mbs
2010.05.30 13:00 B C:\varkon\app\impressions\mbs\current_20.mbs --> www.ViewsOnCad.ch /varkon_app_windows/home_laptop/app/impressions/mbs current_20.mbs
2010.05.30 13:00 B C:\varkon\app\impressions\mbs\current_21.mbs --> www.ViewsOnCad.ch /varkon_app_windows/home_laptop/app/impressions/mbs current_21.mbs
2010.05.30 13:00 B C:\varkon\app\impressions\mbs\current_22.mbs --> www.ViewsOnCad.ch /varkon_app_windows/home_laptop/app/impressions/mbs current_22.mbs
2010.05.30 13:00 B C:\varkon\app\impressions\mbs\current_23.mbs --> www.ViewsOnCad.ch /varkon_app_windows/home_laptop/app/impressions/mbs current_23.mbs
2010.05.30 13:00 B C:\varkon\app\impressions\mbs\current_24.mbs --> www.ViewsOnCad.ch /varkon_app_windows/home_laptop/app/impressions/mbs current_24.mbs
2010.05.30 13:00 B C:\varkon\app\impressions\mbs\current_25.mbs --> www.ViewsOnCad.ch /varkon_app_windows/home_laptop/app/impressions/mbs current_25.mbs
2010.05.30 13:00 B C:\varkon\app\impressions\mbs\current_26.mbs --> www.ViewsOnCad.ch /varkon_app_windows/home_laptop/app/impressions/mbs current_26.mbs
2010.05.30 13:00 B C:\varkon\app\impressions\mbs\current_27.mbs --> www.ViewsOnCad.ch /varkon_app_windows/home_laptop/app/impressions/mbs current_27.mbs
2010.05.30 13:00 B C:\varkon\app\impressions\mbs\current_3.mbs --> www.ViewsOnCad.ch /varkon_app_windows/home_laptop/app/impressions/mbs current_3.mbs
2010.05.30 13:00 B C:\varkon\app\impressions\mbs\current_4.mbs --> www.ViewsOnCad.ch /varkon_app_windows/home_laptop/app/impressions/mbs current_4.mbs
2010.05.30 13:00 B C:\varkon\app\impressions\mbs\current_5.mbs --> www.ViewsOnCad.ch /varkon_app_windows/home_laptop/app/impressions/mbs current_5.mbs
2010.05.30 13:00 B C:\varkon\app\impressions\mbs\current_6.mbs --> www.ViewsOnCad.ch /varkon_app_windows/home_laptop/app/impressions/mbs current_6.mbs
2010.05.30 13:00 B C:\varkon\app\impressions\mbs\current_7.mbs --> www.ViewsOnCad.ch /varkon_app_windows/home_laptop/app/impressions/mbs current_7.mbs
2010.05.30 13:00 B C:\varkon\app\impressions\mbs\current_8.mbs --> www.ViewsOnCad.ch /varkon_app_windows/home_laptop/app/impressions/mbs current_8.mbs
2010.05.30 13:00 B C:\varkon\app\impressions\mbs\current_9.mbs --> www.ViewsOnCad.ch /varkon_app_windows/home_laptop/app/impressions/mbs current_9.mbs
2010.05.30 13:00 B C:\varkon\app\impressions\mbs\current_central.mbs --> www.ViewsOnCad.ch /varkon_app_windows/home_laptop/app/impressions/mbs current_central.mbs
2010.05.30 13:00 B C:\varkon\app\impressions\mbs\start_1.mbs --> www.ViewsOnCad.ch /varkon_app_windows/home_laptop/app/impressions/mbs start_1.mbs
2010.05.30 13:01 B C:\varkon\app\impressions\mbs\start_10.mbs --> www.ViewsOnCad.ch /varkon_app_windows/home_laptop/app/impressions/mbs start_10.mbs
2010.05.30 13:01 B C:\varkon\app\impressions\mbs\start_11.mbs --> www.ViewsOnCad.ch /varkon_app_windows/home_laptop/app/impressions/mbs start_11.mbs
2010.05.30 13:01 B C:\varkon\app\impressions\mbs\start_12.mbs --> www.ViewsOnCad.ch /varkon_app_windows/home_laptop/app/impressions/mbs start_12.mbs
2010.05.30 13:01 B C:\varkon\app\impressions\mbs\start_13.mbs --> www.ViewsOnCad.ch /varkon_app_windows/home_laptop/app/impressions/mbs start_13.mbs
2010.05.30 13:01 B C:\varkon\app\impressions\mbs\start_14.mbs --> www.ViewsOnCad.ch /varkon_app_windows/home_laptop/app/impressions/mbs start_14.mbs
2010.05.30 13:01 B C:\varkon\app\impressions\mbs\start_15.mbs --> www.ViewsOnCad.ch /varkon_app_windows/home_laptop/app/impressions/mbs start_15.mbs
2010.05.30 13:01 B C:\varkon\app\impressions\mbs\start_16.mbs --> www.ViewsOnCad.ch /varkon_app_windows/home_laptop/app/impressions/mbs start_16.mbs
2010.05.30 13:01 B C:\varkon\app\impressions\mbs\start_17.mbs --> www.ViewsOnCad.ch /varkon_app_windows/home_laptop/app/impressions/mbs start_17.mbs
2010.05.30 13:01 B C:\varkon\app\impressions\mbs\start_18.mbs --> www.ViewsOnCad.ch /varkon_app_windows/home_laptop/app/impressions/mbs start_18.mbs
2010.05.30 13:01 B C:\varkon\app\impressions\mbs\start_19.mbs --> www.ViewsOnCad.ch /varkon_app_windows/home_laptop/app/impressions/mbs start_19.mbs
2010.05.30 13:01 B C:\varkon\app\impressions\mbs\start_2.mbs --> www.ViewsOnCad.ch /varkon_app_windows/home_laptop/app/impressions/mbs start_2.mbs
2010.05.30 13:01 B C:\varkon\app\impressions\mbs\start_20.mbs --> www.ViewsOnCad.ch /varkon_app_windows/home_laptop/app/impressions/mbs start_20.mbs
2010.05.30 13:01 B C:\varkon\app\impressions\mbs\start_21.mbs --> www.ViewsOnCad.ch /varkon_app_windows/home_laptop/app/impressions/mbs start_21.mbs
2010.05.30 13:01 B C:\varkon\app\impressions\mbs\start_22.mbs --> www.ViewsOnCad.ch /varkon_app_windows/home_laptop/app/impressions/mbs start_22.mbs
2010.05.30 13:01 B C:\varkon\app\impressions\mbs\start_23.mbs --> www.ViewsOnCad.ch /varkon_app_windows/home_laptop/app/impressions/mbs start_23.mbs
2010.05.30 13:01 B C:\varkon\app\impressions\mbs\start_24.mbs --> www.ViewsOnCad.ch /varkon_app_windows/home_laptop/app/impressions/mbs start_24.mbs
2010.05.30 13:01 B C:\varkon\app\impressions\mbs\start_25.mbs --> www.ViewsOnCad.ch /varkon_app_windows/home_laptop/app/impressions/mbs start_25.mbs
2010.05.30 13:01 B C:\varkon\app\impressions\mbs\start_26.mbs --> www.ViewsOnCad.ch /varkon_app_windows/home_laptop/app/impressions/mbs start_26.mbs
2010.05.30 13:01 B C:\varkon\app\impressions\mbs\start_27.mbs --> www.ViewsOnCad.ch /varkon_app_windows/home_laptop/app/impressions/mbs start_27.mbs
2010.05.30 13:01 B C:\varkon\app\impressions\mbs\start_3.mbs --> www.ViewsOnCad.ch /varkon_app_windows/home_laptop/app/impressions/mbs start_3.mbs
2010.05.30 13:01 B C:\varkon\app\impressions\mbs\start_4.mbs --> www.ViewsOnCad.ch /varkon_app_windows/home_laptop/app/impressions/mbs start_4.mbs
2010.05.30 13:01 B C:\varkon\app\impressions\mbs\start_5.mbs --> www.ViewsOnCad.ch /varkon_app_windows/home_laptop/app/impressions/mbs start_5.mbs
2010.05.30 13:01 B C:\varkon\app\impressions\mbs\start_6.mbs --> www.ViewsOnCad.ch /varkon_app_windows/home_laptop/app/impressions/mbs start_6.mbs
2010.05.30 13:01 B C:\varkon\app\impressions\mbs\start_7.mbs --> www.ViewsOnCad.ch /varkon_app_windows/home_laptop/app/impressions/mbs start_7.mbs
2010.05.30 13:01 B C:\varkon\app\impressions\mbs\start_8.mbs --> www.ViewsOnCad.ch /varkon_app_windows/home_laptop/app/impressions/mbs start_8.mbs
2010.05.30 13:01 B C:\varkon\app\impressions\mbs\start_9.mbs --> www.ViewsOnCad.ch /varkon_app_windows/home_laptop/app/impressions/mbs start_9.mbs
