2010.05.30 12:32 B C:\varkon\app\optim\mbs\getid_gm.mbs --> www.ViewsOnCad.ch /varkon_app_windows/home_laptop/app/optim/mbs getid_gm.mbs
2010.05.30 12:32 B C:\varkon\app\optim\mbs\opt_ansymb.MBS --> www.ViewsOnCad.ch /varkon_app_windows/home_laptop/app/optim/mbs opt_ansymb.MBS
2010.05.30 12:32 B C:\varkon\app\optim\mbs\OPT_BACKV0.MBS --> www.ViewsOnCad.ch /varkon_app_windows/home_laptop/app/optim/mbs OPT_BACKV0.MBS
2010.05.30 12:32 B C:\varkon\app\optim\mbs\OPT_CONTV2.MBS --> www.ViewsOnCad.ch /varkon_app_windows/home_laptop/app/optim/mbs OPT_CONTV2.MBS
2010.05.30 12:32 B C:\varkon\app\optim\mbs\OPT_CSTV0.MBS --> www.ViewsOnCad.ch /varkon_app_windows/home_laptop/app/optim/mbs OPT_CSTV0.MBS
2010.05.30 12:32 B C:\varkon\app\optim\mbs\OPT_DMBSV0.MBS --> www.ViewsOnCad.ch /varkon_app_windows/home_laptop/app/optim/mbs OPT_DMBSV0.MBS
2010.05.30 12:32 B C:\varkon\app\optim\mbs\OPT_EXTNV0.MBS --> www.ViewsOnCad.ch /varkon_app_windows/home_laptop/app/optim/mbs OPT_EXTNV0.MBS
2010.05.30 12:32 B C:\varkon\app\optim\mbs\OPT_EXTPV0.MBS --> www.ViewsOnCad.ch /varkon_app_windows/home_laptop/app/optim/mbs OPT_EXTPV0.MBS
2010.05.30 12:32 B C:\varkon\app\optim\mbs\OPT_FUNCV0.MBS --> www.ViewsOnCad.ch /varkon_app_windows/home_laptop/app/optim/mbs OPT_FUNCV0.MBS
2010.05.30 12:32 B C:\varkon\app\optim\mbs\OPT_GETCV0.MBS --> www.ViewsOnCad.ch /varkon_app_windows/home_laptop/app/optim/mbs OPT_GETCV0.MBS
2010.05.30 12:32 B C:\varkon\app\optim\mbs\OPT_GETLV0.MBS --> www.ViewsOnCad.ch /varkon_app_windows/home_laptop/app/optim/mbs OPT_GETLV0.MBS
2010.05.30 12:32 B C:\varkon\app\optim\mbs\OPT_GETOV1.MBS --> www.ViewsOnCad.ch /varkon_app_windows/home_laptop/app/optim/mbs OPT_GETOV1.MBS
2010.05.30 12:32 B C:\varkon\app\optim\mbs\OPT_GRADV2.MBS --> www.ViewsOnCad.ch /varkon_app_windows/home_laptop/app/optim/mbs OPT_GRADV2.MBS
2010.05.30 12:32 B C:\varkon\app\optim\mbs\OPT_GTIDV0.MBS --> www.ViewsOnCad.ch /varkon_app_windows/home_laptop/app/optim/mbs OPT_GTIDV0.MBS
2010.05.30 12:32 B C:\varkon\app\optim\mbs\OPT_GTINV0.MBS --> www.ViewsOnCad.ch /varkon_app_windows/home_laptop/app/optim/mbs OPT_GTINV0.MBS
2010.05.30 12:32 B C:\varkon\app\optim\mbs\OPT_GTPV1.MBS --> www.ViewsOnCad.ch /varkon_app_windows/home_laptop/app/optim/mbs OPT_GTPV1.MBS
2010.05.30 12:32 B C:\varkon\app\optim\mbs\OPT_GTU1V0.MBS --> www.ViewsOnCad.ch /varkon_app_windows/home_laptop/app/optim/mbs OPT_GTU1V0.MBS
2010.05.30 12:32 B C:\varkon\app\optim\mbs\OPT_GTU2V0.MBS --> www.ViewsOnCad.ch /varkon_app_windows/home_laptop/app/optim/mbs OPT_GTU2V0.MBS
2010.05.30 12:32 B C:\varkon\app\optim\mbs\OPT_GTU2V1.MBS --> www.ViewsOnCad.ch /varkon_app_windows/home_laptop/app/optim/mbs OPT_GTU2V1.MBS
2010.05.30 12:32 B C:\varkon\app\optim\mbs\OPT_GTU3V0.MBS --> www.ViewsOnCad.ch /varkon_app_windows/home_laptop/app/optim/mbs OPT_GTU3V0.MBS
2010.05.30 12:32 B C:\varkon\app\optim\mbs\OPT_HDFPV2.MBS --> www.ViewsOnCad.ch /varkon_app_windows/home_laptop/app/optim/mbs OPT_HDFPV2.MBS
2010.05.30 12:32 B C:\varkon\app\optim\mbs\OPT_HLSCV1.MBS --> www.ViewsOnCad.ch /varkon_app_windows/home_laptop/app/optim/mbs OPT_HLSCV1.MBS
2010.05.30 12:32 B C:\varkon\app\optim\mbs\OPT_HLSGV1.MBS --> www.ViewsOnCad.ch /varkon_app_windows/home_laptop/app/optim/mbs OPT_HLSGV1.MBS
2010.05.30 12:32 B C:\varkon\app\optim\mbs\OPT_HLSOV1.MBS --> www.ViewsOnCad.ch /varkon_app_windows/home_laptop/app/optim/mbs OPT_HLSOV1.MBS
2010.05.30 12:32 B C:\varkon\app\optim\mbs\OPT_HLSPV1.MBS --> www.ViewsOnCad.ch /varkon_app_windows/home_laptop/app/optim/mbs OPT_HLSPV1.MBS
2010.05.30 12:32 B C:\varkon\app\optim\mbs\OPT_LIMV0.MBS --> www.ViewsOnCad.ch /varkon_app_windows/home_laptop/app/optim/mbs OPT_LIMV0.MBS
2010.05.30 12:32 B C:\varkon\app\optim\mbs\OPT_LISGV0.MBS --> www.ViewsOnCad.ch /varkon_app_windows/home_laptop/app/optim/mbs OPT_LISGV0.MBS
2010.05.30 12:32 B C:\varkon\app\optim\mbs\OPT_NAMEV0.MBS --> www.ViewsOnCad.ch /varkon_app_windows/home_laptop/app/optim/mbs OPT_NAMEV0.MBS
2010.05.30 12:32 B C:\varkon\app\optim\mbs\OPT_NEXTV0.MBS --> www.ViewsOnCad.ch /varkon_app_windows/home_laptop/app/optim/mbs OPT_NEXTV0.MBS
2010.05.30 12:32 B C:\varkon\app\optim\mbs\OPT_OBJAV0.MBS --> www.ViewsOnCad.ch /varkon_app_windows/home_laptop/app/optim/mbs OPT_OBJAV0.MBS
2010.05.30 12:32 B C:\varkon\app\optim\mbs\OPT_PATHV0.MBS --> www.ViewsOnCad.ch /varkon_app_windows/home_laptop/app/optim/mbs OPT_PATHV0.MBS
2010.05.30 12:32 B C:\varkon\app\optim\mbs\OPT_RDOPV0.MBS --> www.ViewsOnCad.ch /varkon_app_windows/home_laptop/app/optim/mbs OPT_RDOPV0.MBS
2010.05.30 12:32 B C:\varkon\app\optim\mbs\OPT_READV0.MBS --> www.ViewsOnCad.ch /varkon_app_windows/home_laptop/app/optim/mbs OPT_READV0.MBS
2010.05.30 12:32 B C:\varkon\app\optim\mbs\OPT_REFV0.MBS --> www.ViewsOnCad.ch /varkon_app_windows/home_laptop/app/optim/mbs OPT_REFV0.MBS
2010.05.30 12:32 B C:\varkon\app\optim\mbs\OPT_SDIRV0.MBS --> www.ViewsOnCad.ch /varkon_app_windows/home_laptop/app/optim/mbs OPT_SDIRV0.MBS
2010.05.30 12:32 B C:\varkon\app\optim\mbs\OPT_SEARV2.MBS --> www.ViewsOnCad.ch /varkon_app_windows/home_laptop/app/optim/mbs OPT_SEARV2.MBS
2010.05.30 12:32 B C:\varkon\app\optim\mbs\OPT_SHOWV1.MBS --> www.ViewsOnCad.ch /varkon_app_windows/home_laptop/app/optim/mbs OPT_SHOWV1.MBS
2010.05.30 12:32 B C:\varkon\app\optim\mbs\OPT_WRIHV0.MBS --> www.ViewsOnCad.ch /varkon_app_windows/home_laptop/app/optim/mbs OPT_WRIHV0.MBS
2010.05.30 12:32 B C:\varkon\app\optim\mbs\OPT_WRITV0.MBS --> www.ViewsOnCad.ch /varkon_app_windows/home_laptop/app/optim/mbs OPT_WRITV0.MBS
