2010.05.30 15:26 B C:\Varkon\app\surmacro\mbs\Acubsurv0.mbs --> www.ViewsOnCad.ch /varkon_app_windows/home_laptop/app/surmacro/mbs Acubsurv0.mbs
2010.05.30 15:26 B C:\Varkon\app\surmacro\mbs\Acubsurv1.mbs --> www.ViewsOnCad.ch /varkon_app_windows/home_laptop/app/surmacro/mbs Acubsurv1.mbs
2010.05.30 15:26 B C:\Varkon\app\surmacro\mbs\ED_HK.MBS --> www.ViewsOnCad.ch /varkon_app_windows/home_laptop/app/surmacro/mbs ED_HK.MBS
2010.05.30 15:26 B C:\Varkon\app\surmacro\mbs\ED_SUR.MBS --> www.ViewsOnCad.ch /varkon_app_windows/home_laptop/app/surmacro/mbs ED_SUR.MBS
2010.05.30 15:26 B C:\Varkon\app\surmacro\mbs\ED_SURE.MBS --> www.ViewsOnCad.ch /varkon_app_windows/home_laptop/app/surmacro/mbs ED_SURE.MBS
2010.05.30 15:26 B C:\Varkon\app\surmacro\mbs\ED_SURO.MBS --> www.ViewsOnCad.ch /varkon_app_windows/home_laptop/app/surmacro/mbs ED_SURO.MBS
2010.05.30 15:26 B C:\Varkon\app\surmacro\mbs\EX_CONSURF.MBS --> www.ViewsOnCad.ch /varkon_app_windows/home_laptop/app/surmacro/mbs EX_CONSURF.MBS
2010.05.30 15:26 B C:\Varkon\app\surmacro\mbs\EX_NMGBIC.MBS --> www.ViewsOnCad.ch /varkon_app_windows/home_laptop/app/surmacro/mbs EX_NMGBIC.MBS
2010.05.30 15:26 B C:\Varkon\app\surmacro\mbs\fanga_Obj2.mbs --> www.ViewsOnCad.ch /varkon_app_windows/home_laptop/app/surmacro/mbs fanga_Obj2.mbs
2010.05.30 15:26 B C:\Varkon\app\surmacro\mbs\fanga_Obj3.mbs --> www.ViewsOnCad.ch /varkon_app_windows/home_laptop/app/surmacro/mbs fanga_Obj3.mbs
2010.05.30 15:26 B C:\Varkon\app\surmacro\mbs\fanga_Obj4.mbs --> www.ViewsOnCad.ch /varkon_app_windows/home_laptop/app/surmacro/mbs fanga_Obj4.mbs
2010.05.30 15:26 B C:\Varkon\app\surmacro\mbs\fanga_Obj5.mbs --> www.ViewsOnCad.ch /varkon_app_windows/home_laptop/app/surmacro/mbs fanga_Obj5.mbs
2010.05.30 15:26 B C:\Varkon\app\surmacro\mbs\fanga_Obj6.mbs --> www.ViewsOnCad.ch /varkon_app_windows/home_laptop/app/surmacro/mbs fanga_Obj6.mbs
2010.05.30 15:26 B C:\Varkon\app\surmacro\mbs\FANGALSTV0.MBS --> www.ViewsOnCad.ch /varkon_app_windows/home_laptop/app/surmacro/mbs FANGALSTV0.MBS
2010.05.30 15:26 B C:\Varkon\app\surmacro\mbs\FANGAMACV0.MBS --> www.ViewsOnCad.ch /varkon_app_windows/home_laptop/app/surmacro/mbs FANGAMACV0.MBS
2010.05.30 15:26 B C:\Varkon\app\surmacro\mbs\FANGAMAPV0.MBS --> www.ViewsOnCad.ch /varkon_app_windows/home_laptop/app/surmacro/mbs FANGAMAPV0.MBS
2010.05.30 15:26 B C:\Varkon\app\surmacro\mbs\FANGAMASV0.MBS --> www.ViewsOnCad.ch /varkon_app_windows/home_laptop/app/surmacro/mbs FANGAMASV0.MBS
2010.05.30 15:26 B C:\Varkon\app\surmacro\mbs\FANGAPRTV0.MBS --> www.ViewsOnCad.ch /varkon_app_windows/home_laptop/app/surmacro/mbs FANGAPRTV0.MBS
2010.05.30 15:26 B C:\Varkon\app\surmacro\mbs\FANGATMPV0.MBS --> www.ViewsOnCad.ch /varkon_app_windows/home_laptop/app/surmacro/mbs FANGATMPV0.MBS
2010.05.30 15:26 B C:\Varkon\app\surmacro\mbs\FANGAWINV0.MBS --> www.ViewsOnCad.ch /varkon_app_windows/home_laptop/app/surmacro/mbs FANGAWINV0.MBS
2010.05.30 15:26 B C:\Varkon\app\surmacro\mbs\L_ANCLOP.MBS --> www.ViewsOnCad.ch /varkon_app_windows/home_laptop/app/surmacro/mbs L_ANCLOP.MBS
2010.05.30 15:26 B C:\Varkon\app\surmacro\mbs\L_ANEVAL.MBS --> www.ViewsOnCad.ch /varkon_app_windows/home_laptop/app/surmacro/mbs L_ANEVAL.MBS
2010.05.30 15:26 B C:\Varkon\app\surmacro\mbs\MA_CURAPPR.MBS --> www.ViewsOnCad.ch /varkon_app_windows/home_laptop/app/surmacro/mbs MA_CURAPPR.MBS
2010.05.30 15:26 B C:\Varkon\app\surmacro\mbs\MA_CURINT.MBS --> www.ViewsOnCad.ch /varkon_app_windows/home_laptop/app/surmacro/mbs MA_CURINT.MBS
2010.05.30 15:26 B C:\Varkon\app\surmacro\mbs\MA_CURISO.MBS --> www.ViewsOnCad.ch /varkon_app_windows/home_laptop/app/surmacro/mbs MA_CURISO.MBS
2010.05.30 15:26 B C:\Varkon\app\surmacro\mbs\MA_CURSIL.MBS --> www.ViewsOnCad.ch /varkon_app_windows/home_laptop/app/surmacro/mbs MA_CURSIL.MBS
2010.05.30 15:26 B C:\Varkon\app\surmacro\mbs\MA_CURTRIM.MBS --> www.ViewsOnCad.ch /varkon_app_windows/home_laptop/app/surmacro/mbs MA_CURTRIM.MBS
2010.05.30 15:26 B C:\Varkon\app\surmacro\mbs\MA_FANGA.MBS --> www.ViewsOnCad.ch /varkon_app_windows/home_laptop/app/surmacro/mbs MA_FANGA.MBS
2010.05.30 15:26 B C:\Varkon\app\surmacro\mbs\Ma_invons.mbs --> www.ViewsOnCad.ch /varkon_app_windows/home_laptop/app/surmacro/mbs Ma_invons.mbs
2010.05.30 15:26 B C:\Varkon\app\surmacro\mbs\MA_ONSUR.MBS --> www.ViewsOnCad.ch /varkon_app_windows/home_laptop/app/surmacro/mbs MA_ONSUR.MBS
2010.05.30 15:26 B C:\Varkon\app\surmacro\mbs\MA_SURAPPR.MBS --> www.ViewsOnCad.ch /varkon_app_windows/home_laptop/app/surmacro/mbs MA_SURAPPR.MBS
2010.05.30 15:26 B C:\Varkon\app\surmacro\mbs\MA_SURCON.MBS --> www.ViewsOnCad.ch /varkon_app_windows/home_laptop/app/surmacro/mbs MA_SURCON.MBS
2010.05.30 15:26 B C:\Varkon\app\surmacro\mbs\MA_SUREXDF.MBS --> www.ViewsOnCad.ch /varkon_app_windows/home_laptop/app/surmacro/mbs MA_SUREXDF.MBS
2010.05.30 15:26 B C:\Varkon\app\surmacro\mbs\MA_SURLIN.MBS --> www.ViewsOnCad.ch /varkon_app_windows/home_laptop/app/surmacro/mbs MA_SURLIN.MBS
2010.05.30 15:26 B C:\Varkon\app\surmacro\mbs\MA_SUROFFS.MBS --> www.ViewsOnCad.ch /varkon_app_windows/home_laptop/app/surmacro/mbs MA_SUROFFS.MBS
2010.05.30 15:26 B C:\Varkon\app\surmacro\mbs\MA_SURPTS.MBS --> www.ViewsOnCad.ch /varkon_app_windows/home_laptop/app/surmacro/mbs MA_SURPTS.MBS
2010.05.30 15:26 B C:\Varkon\app\surmacro\mbs\MA_SURTRIM.MBS --> www.ViewsOnCad.ch /varkon_app_windows/home_laptop/app/surmacro/mbs MA_SURTRIM.MBS
2010.05.30 15:26 B C:\Varkon\app\surmacro\mbs\MA_TCOPY.MBS --> www.ViewsOnCad.ch /varkon_app_windows/home_laptop/app/surmacro/mbs MA_TCOPY.MBS
2010.05.30 15:26 B C:\Varkon\app\surmacro\mbs\MA_TMIRR.MBS --> www.ViewsOnCad.ch /varkon_app_windows/home_laptop/app/surmacro/mbs MA_TMIRR.MBS
2010.05.30 15:26 B C:\Varkon\app\surmacro\mbs\MA_TMOVE.MBS --> www.ViewsOnCad.ch /varkon_app_windows/home_laptop/app/surmacro/mbs MA_TMOVE.MBS
2010.05.30 15:26 B C:\Varkon\app\surmacro\mbs\MA_TROTL.MBS --> www.ViewsOnCad.ch /varkon_app_windows/home_laptop/app/surmacro/mbs MA_TROTL.MBS
2010.05.30 15:26 B C:\Varkon\app\surmacro\mbs\SURLININT.MBS --> www.ViewsOnCad.ch /varkon_app_windows/home_laptop/app/surmacro/mbs SURLININT.MBS
2010.05.30 15:26 B C:\Varkon\app\surmacro\mbs\surmacro.zip --> www.ViewsOnCad.ch /varkon_app_windows/home_laptop/app/surmacro/mbs surmacro.zip
2010.05.30 15:26 B C:\Varkon\app\surmacro\mbs\SURPTSFIL.MBS --> www.ViewsOnCad.ch /varkon_app_windows/home_laptop/app/surmacro/mbs SURPTSFIL.MBS
