2010.05.30 13:06 B C:\varkon\app\lms\mbs\CONTENTS.DOC --> www.ViewsOnCad.ch /varkon_app_windows/home_laptop/app/lms/mbs CONTENTS.DOC
2010.05.30 13:06 B C:\varkon\app\lms\mbs\csysfilev0.mbs --> www.ViewsOnCad.ch /varkon_app_windows/home_laptop/app/lms/mbs csysfilev0.mbs
2010.05.30 13:06 B C:\varkon\app\lms\mbs\Csysnestv0.mbs --> www.ViewsOnCad.ch /varkon_app_windows/home_laptop/app/lms/mbs Csysnestv0.mbs
2010.05.30 13:06 B C:\varkon\app\lms\mbs\Csyspathv0.mbs --> www.ViewsOnCad.ch /varkon_app_windows/home_laptop/app/lms/mbs Csyspathv0.mbs
2010.05.30 13:06 B C:\varkon\app\lms\mbs\Csysreadv0.mbs --> www.ViewsOnCad.ch /varkon_app_windows/home_laptop/app/lms/mbs Csysreadv0.mbs
2010.05.30 13:06 B C:\varkon\app\lms\mbs\eval_utouv.mbs --> www.ViewsOnCad.ch /varkon_app_windows/home_laptop/app/lms/mbs eval_utouv.mbs
2010.05.30 13:06 B C:\varkon\app\lms\mbs\Figcsysv0.mbs --> www.ViewsOnCad.ch /varkon_app_windows/home_laptop/app/lms/mbs Figcsysv0.mbs
2010.05.30 13:06 B C:\varkon\app\lms\mbs\Figgetvyv2.mbs --> www.ViewsOnCad.ch /varkon_app_windows/home_laptop/app/lms/mbs Figgetvyv2.mbs
2010.05.30 13:06 B C:\varkon\app\lms\mbs\FIGVYV2.MBS --> www.ViewsOnCad.ch /varkon_app_windows/home_laptop/app/lms/mbs FIGVYV2.MBS
2010.05.30 13:06 B C:\varkon\app\lms\mbs\FIGYTAV0.MBS --> www.ViewsOnCad.ch /varkon_app_windows/home_laptop/app/lms/mbs FIGYTAV0.MBS
2010.05.30 13:06 B C:\varkon\app\lms\mbs\lms1.MBS --> www.ViewsOnCad.ch /varkon_app_windows/home_laptop/app/lms/mbs lms1.MBS
2010.05.30 13:06 B C:\varkon\app\lms\mbs\Meacompv1.mbs --> www.ViewsOnCad.ch /varkon_app_windows/home_laptop/app/lms/mbs Meacompv1.mbs
2010.05.30 13:06 B C:\varkon\app\lms\mbs\Meacordv0.mbs --> www.ViewsOnCad.ch /varkon_app_windows/home_laptop/app/lms/mbs Meacordv0.mbs
2010.05.30 13:06 B C:\varkon\app\lms\mbs\Meadia3v2.mbs --> www.ViewsOnCad.ch /varkon_app_windows/home_laptop/app/lms/mbs Meadia3v2.mbs
2010.05.30 13:06 B C:\varkon\app\lms\mbs\Meadia4v2.mbs --> www.ViewsOnCad.ch /varkon_app_windows/home_laptop/app/lms/mbs Meadia4v2.mbs
2010.05.30 13:06 B C:\varkon\app\lms\mbs\Meadia5v3.mbs --> www.ViewsOnCad.ch /varkon_app_windows/home_laptop/app/lms/mbs Meadia5v3.mbs
2010.05.30 13:06 B C:\varkon\app\lms\mbs\Meadia6v2.mbs --> www.ViewsOnCad.ch /varkon_app_windows/home_laptop/app/lms/mbs Meadia6v2.mbs
2010.05.30 13:06 B C:\varkon\app\lms\mbs\Meadia7v2.mbs --> www.ViewsOnCad.ch /varkon_app_windows/home_laptop/app/lms/mbs Meadia7v2.mbs
2010.05.30 13:06 B C:\varkon\app\lms\mbs\Meadiagtv0.mbs --> www.ViewsOnCad.ch /varkon_app_windows/home_laptop/app/lms/mbs Meadiagtv0.mbs
2010.05.30 13:06 B C:\varkon\app\lms\mbs\Meadiargv0.mbs --> www.ViewsOnCad.ch /varkon_app_windows/home_laptop/app/lms/mbs Meadiargv0.mbs
2010.05.30 13:06 B C:\varkon\app\lms\mbs\Meafilev0.mbs --> www.ViewsOnCad.ch /varkon_app_windows/home_laptop/app/lms/mbs Meafilev0.mbs
2010.05.30 13:06 B C:\varkon\app\lms\mbs\Meafregv0.mbs --> www.ViewsOnCad.ch /varkon_app_windows/home_laptop/app/lms/mbs Meafregv0.mbs
2010.05.30 13:06 B C:\varkon\app\lms\mbs\Meagetpv0.mbs --> www.ViewsOnCad.ch /varkon_app_windows/home_laptop/app/lms/mbs Meagetpv0.mbs
2010.05.30 13:06 B C:\varkon\app\lms\mbs\Meagraphv0.mbs --> www.ViewsOnCad.ch /varkon_app_windows/home_laptop/app/lms/mbs Meagraphv0.mbs
2010.05.30 13:06 B C:\varkon\app\lms\mbs\Meamedelv0.mbs --> www.ViewsOnCad.ch /varkon_app_windows/home_laptop/app/lms/mbs Meamedelv0.mbs
2010.05.30 13:06 B C:\varkon\app\lms\mbs\Meametrav0.mbs --> www.ViewsOnCad.ch /varkon_app_windows/home_laptop/app/lms/mbs Meametrav0.mbs
2010.05.30 13:06 B C:\varkon\app\lms\mbs\Meametrbv0.mbs --> www.ViewsOnCad.ch /varkon_app_windows/home_laptop/app/lms/mbs Meametrbv0.mbs
2010.05.30 13:06 B C:\varkon\app\lms\mbs\Meametrcv0.mbs --> www.ViewsOnCad.ch /varkon_app_windows/home_laptop/app/lms/mbs Meametrcv0.mbs
2010.05.30 13:06 B C:\varkon\app\lms\mbs\Meametrdv0.mbs --> www.ViewsOnCad.ch /varkon_app_windows/home_laptop/app/lms/mbs Meametrdv0.mbs
2010.05.30 13:06 B C:\varkon\app\lms\mbs\Meametrov3.mbs --> www.ViewsOnCad.ch /varkon_app_windows/home_laptop/app/lms/mbs Meametrov3.mbs
2010.05.30 13:06 B C:\varkon\app\lms\mbs\Meapanal1.mbs --> www.ViewsOnCad.ch /varkon_app_windows/home_laptop/app/lms/mbs Meapanal1.mbs
2010.05.30 13:06 B C:\varkon\app\lms\mbs\Meapoirec.mbs --> www.ViewsOnCad.ch /varkon_app_windows/home_laptop/app/lms/mbs Meapoirec.mbs
2010.05.30 13:06 B C:\varkon\app\lms\mbs\Meapsim1v1.mbs --> www.ViewsOnCad.ch /varkon_app_windows/home_laptop/app/lms/mbs Meapsim1v1.mbs
2010.05.30 13:06 B C:\varkon\app\lms\mbs\Meapsim2v1.mbs --> www.ViewsOnCad.ch /varkon_app_windows/home_laptop/app/lms/mbs Meapsim2v1.mbs
2010.05.30 13:06 B C:\varkon\app\lms\mbs\Meapsimv1.mbs --> www.ViewsOnCad.ch /varkon_app_windows/home_laptop/app/lms/mbs Meapsimv1.mbs
2010.05.30 13:06 B C:\varkon\app\lms\mbs\Mearami3v0.mbs --> www.ViewsOnCad.ch /varkon_app_windows/home_laptop/app/lms/mbs Mearami3v0.mbs
2010.05.30 13:06 B C:\varkon\app\lms\mbs\MEASORT1.MBS --> www.ViewsOnCad.ch /varkon_app_windows/home_laptop/app/lms/mbs MEASORT1.MBS
2010.05.30 13:06 B C:\varkon\app\lms\mbs\Measortv3.mbs --> www.ViewsOnCad.ch /varkon_app_windows/home_laptop/app/lms/mbs Measortv3.mbs
2010.05.30 13:06 B C:\varkon\app\lms\mbs\Meathickv1.mbs --> www.ViewsOnCad.ch /varkon_app_windows/home_laptop/app/lms/mbs Meathickv1.mbs
2010.05.30 13:06 B C:\varkon\app\lms\mbs\Meatotav0.mbs --> www.ViewsOnCad.ch /varkon_app_windows/home_laptop/app/lms/mbs Meatotav0.mbs
2010.05.30 13:06 B C:\varkon\app\lms\mbs\Meatotbv0.mbs --> www.ViewsOnCad.ch /varkon_app_windows/home_laptop/app/lms/mbs Meatotbv0.mbs
2010.05.30 13:06 B C:\varkon\app\lms\mbs\MEATOTV1.BUG --> www.ViewsOnCad.ch /varkon_app_windows/home_laptop/app/lms/mbs MEATOTV1.BUG
2010.05.30 13:06 B C:\varkon\app\lms\mbs\Meatotv1.mbs --> www.ViewsOnCad.ch /varkon_app_windows/home_laptop/app/lms/mbs Meatotv1.mbs
2010.05.30 13:06 B C:\varkon\app\lms\mbs\Meatxti3v0.mbs --> www.ViewsOnCad.ch /varkon_app_windows/home_laptop/app/lms/mbs Meatxti3v0.mbs
2010.05.30 13:06 B C:\varkon\app\lms\mbs\Meavregv0.mbs --> www.ViewsOnCad.ch /varkon_app_windows/home_laptop/app/lms/mbs Meavregv0.mbs
2010.05.30 13:06 B C:\varkon\app\lms\mbs\Meawin1v0.mbs --> www.ViewsOnCad.ch /varkon_app_windows/home_laptop/app/lms/mbs Meawin1v0.mbs
2010.05.30 13:06 B C:\varkon\app\lms\mbs\Meawinggv0.mbs --> www.ViewsOnCad.ch /varkon_app_windows/home_laptop/app/lms/mbs Meawinggv0.mbs
2010.05.30 13:06 B C:\varkon\app\lms\mbs\Meawingpv0.mbs --> www.ViewsOnCad.ch /varkon_app_windows/home_laptop/app/lms/mbs Meawingpv0.mbs
2010.05.30 13:06 B C:\varkon\app\lms\mbs\Meawplrec.mbs --> www.ViewsOnCad.ch /varkon_app_windows/home_laptop/app/lms/mbs Meawplrec.mbs
2010.05.30 13:06 B C:\varkon\app\lms\mbs\Meawprov0.mbs --> www.ViewsOnCad.ch /varkon_app_windows/home_laptop/app/lms/mbs Meawprov0.mbs
2010.05.30 13:06 B C:\varkon\app\lms\mbs\Minmaxreg.mbs --> www.ViewsOnCad.ch /varkon_app_windows/home_laptop/app/lms/mbs Minmaxreg.mbs
2010.05.30 13:06 B C:\varkon\app\lms\mbs\MODTSIZE.MBS --> www.ViewsOnCad.ch /varkon_app_windows/home_laptop/app/lms/mbs MODTSIZE.MBS
2010.05.30 13:06 B C:\varkon\app\lms\mbs\PIL.MBS --> www.ViewsOnCad.ch /varkon_app_windows/home_laptop/app/lms/mbs PIL.MBS
2010.05.30 13:06 B C:\varkon\app\lms\mbs\Rdrefsurv0.mbs --> www.ViewsOnCad.ch /varkon_app_windows/home_laptop/app/lms/mbs Rdrefsurv0.mbs
2010.05.30 13:06 B C:\varkon\app\lms\mbs\Rdsurscav0.mbs --> www.ViewsOnCad.ch /varkon_app_windows/home_laptop/app/lms/mbs Rdsurscav0.mbs
2010.05.30 13:06 B C:\varkon\app\lms\mbs\Regsurfv0.mbs --> www.ViewsOnCad.ch /varkon_app_windows/home_laptop/app/lms/mbs Regsurfv0.mbs
2010.05.30 13:06 B C:\varkon\app\lms\mbs\S_adeforv0.mbs --> www.ViewsOnCad.ch /varkon_app_windows/home_laptop/app/lms/mbs S_adeforv0.mbs
2010.05.30 13:06 B C:\varkon\app\lms\mbs\S_anestv0.mbs --> www.ViewsOnCad.ch /varkon_app_windows/home_laptop/app/lms/mbs S_anestv0.mbs
2010.05.30 13:06 B C:\varkon\app\lms\mbs\S_bdeforv0.mbs --> www.ViewsOnCad.ch /varkon_app_windows/home_laptop/app/lms/mbs S_bdeforv0.mbs
2010.05.30 13:06 B C:\varkon\app\lms\mbs\S_minmaxv0.mbs --> www.ViewsOnCad.ch /varkon_app_windows/home_laptop/app/lms/mbs S_minmaxv0.mbs
2010.05.30 13:06 B C:\varkon\app\lms\mbs\SU_EXNMG.MBS --> www.ViewsOnCad.ch /varkon_app_windows/home_laptop/app/lms/mbs SU_EXNMG.MBS
2010.05.30 13:06 B C:\varkon\app\lms\mbs\Surffilev0.mbs --> www.ViewsOnCad.ch /varkon_app_windows/home_laptop/app/lms/mbs Surffilev0.mbs
2010.05.30 13:06 B C:\varkon\app\lms\mbs\Surfpathv0.mbs --> www.ViewsOnCad.ch /varkon_app_windows/home_laptop/app/lms/mbs Surfpathv0.mbs
2010.05.30 13:06 B C:\varkon\app\lms\mbs\SURNUNV.MBS --> www.ViewsOnCad.ch /varkon_app_windows/home_laptop/app/lms/mbs SURNUNV.MBS
2010.05.30 13:06 B C:\varkon\app\lms\mbs\test_prep_1.MBO --> www.ViewsOnCad.ch /varkon_app_windows/home_laptop/app/lms/mbs test_prep_1.MBO
2010.05.30 13:06 B C:\varkon\app\lms\mbs\tillf.mbs --> www.ViewsOnCad.ch /varkon_app_windows/home_laptop/app/lms/mbs tillf.mbs
2010.05.30 13:06 B C:\varkon\app\lms\mbs\Tra_2dav0.mbs --> www.ViewsOnCad.ch /varkon_app_windows/home_laptop/app/lms/mbs Tra_2dav0.mbs
2010.05.30 13:06 B C:\varkon\app\lms\mbs\Tv_locase.mbs --> www.ViewsOnCad.ch /varkon_app_windows/home_laptop/app/lms/mbs Tv_locase.mbs
2010.05.30 13:06 B C:\varkon\app\lms\mbs\Tv_upcase.mbs --> www.ViewsOnCad.ch /varkon_app_windows/home_laptop/app/lms/mbs Tv_upcase.mbs
